2020-08-02 14:19:38 +0200 Instanciation de @itexte
2020-08-02 14:19:38 +0200 Instanciation @extrait
2020-08-02 14:19:38 +0200 -> ExtraitTexte#output
2020-08-02 14:19:38 +0200 calcule_proximites de D'/index 0
2020-08-02 14:19:38 +0200 calcule_proximites de D'/index 0
2020-08-02 14:19:38 +0200 calcule_proximites de aussi/index 1
2020-08-02 14:19:38 +0200 calcule_proximites de aussi/index 1
2020-08-02 14:19:38 +0200 calcule_proximites de aussi/index 1
2020-08-02 14:19:38 +0200 calcule_proximites de aussi/index 1
2020-08-02 14:19:38 +0200 calcule_proximites de loin/index 2
2020-08-02 14:19:38 +0200 calcule_proximites de loin/index 2
2020-08-02 14:19:38 +0200 calcule_proximites de loin/index 2
2020-08-02 14:19:38 +0200 calcule_proximites de loin/index 2
2020-08-02 14:19:38 +0200 calcule_proximites de qu'/index 3
2020-08-02 14:19:38 +0200 calcule_proximites de qu'/index 3
2020-08-02 14:19:38 +0200 calcule_proximites de  qu'/index 3
2020-08-02 14:19:38 +0200 calcule_proximites de elle/index 4
2020-08-02 14:19:38 +0200 calcule_proximites de se/index 5
2020-08-02 14:19:38 +0200 calcule_proximites de se/index 5
2020-08-02 14:19:38 +0200 calcule_proximites de souvienne/index 6
2020-08-02 14:19:38 +0200 calcule_proximites de souvienne/index 6
2020-08-02 14:19:38 +0200 calcule_proximites de souvienne/index 6
2020-08-02 14:19:38 +0200 calcule_proximites de souvienne/index 6
2020-08-02 14:19:38 +0200 calcule_proximites de ,/index 7
2020-08-02 14:19:38 +0200 calcule_proximites de ,/index 7
2020-08-02 14:19:38 +0200 calcule_proximites de personne/index 8
2020-08-02 14:19:38 +0200 calcule_proximites de personne/index 8
2020-08-02 14:19:38 +0200 calcule_proximites de personne/index 8
2020-08-02 14:19:38 +0200 calcule_proximites de personne/index 8
2020-08-02 14:19:38 +0200 calcule_proximites de n'/index 9
2020-08-02 14:19:38 +0200 calcule_proximites de n'/index 9
2020-08-02 14:19:38 +0200 calcule_proximites de a/index 10
2020-08-02 14:19:38 +0200 calcule_proximites de jamais/index 11
2020-08-02 14:19:38 +0200 calcule_proximites de jamais/index 11
2020-08-02 14:19:38 +0200 calcule_proximites de jamais/index 11
2020-08-02 14:19:38 +0200 calcule_proximites de jamais/index 11
2020-08-02 14:19:38 +0200 calcule_proximites de répondu/index 12
2020-08-02 14:19:38 +0200 calcule_proximites de répondu/index 12
2020-08-02 14:19:38 +0200 calcule_proximites de répondu/index 12
2020-08-02 14:19:38 +0200 calcule_proximites de répondu/index 12
2020-08-02 14:19:38 +0200 calcule_proximites de à/index 13
2020-08-02 14:19:38 +0200 calcule_proximites de à/index 13
2020-08-02 14:19:38 +0200 calcule_proximites de ses/index 14
2020-08-02 14:19:38 +0200 calcule_proximites de ses/index 14
2020-08-02 14:19:38 +0200 calcule_proximites de pourquoi/index 15
2020-08-02 14:19:38 +0200 calcule_proximites de pourquoi/index 15
2020-08-02 14:19:38 +0200 calcule_proximites de pourquoi/index 15
2020-08-02 14:19:38 +0200 calcule_proximites de pourquoi/index 15
2020-08-02 14:19:38 +0200 calcule_proximites de ./index 16
2020-08-02 14:19:38 +0200 calcule_proximites de ./index 16
2020-08-02 14:19:38 +0200 calcule_proximites de Personne/index 17
2020-08-02 14:19:38 +0200 calcule_proximites de Personne/index 17
2020-08-02 14:19:38 +0200 calcule_proximites de Personne/index 17
2020-08-02 14:19:38 +0200 calcule_proximites de n'/index 18
2020-08-02 14:19:38 +0200 calcule_proximites de n'/index 18
2020-08-02 14:19:38 +0200 calcule_proximites de a/index 19
2020-08-02 14:19:38 +0200 calcule_proximites de a/index 19
2020-08-02 14:19:38 +0200 calcule_proximites de jamais/index 20
2020-08-02 14:19:38 +0200 calcule_proximites de jamais/index 20
2020-08-02 14:19:38 +0200 calcule_proximites de jamais/index 20
2020-08-02 14:19:38 +0200 calcule_proximites de élucidé/index 21
2020-08-02 14:19:38 +0200 calcule_proximites de élucidé/index 21
2020-08-02 14:19:38 +0200 calcule_proximites de élucidé/index 21
2020-08-02 14:19:38 +0200 calcule_proximites de élucidé/index 21
2020-08-02 14:19:38 +0200 calcule_proximites de pour/index 22
2020-08-02 14:19:38 +0200 calcule_proximites de pour/index 22
2020-08-02 14:19:38 +0200 calcule_proximites de pour/index 22
2020-08-02 14:19:38 +0200 calcule_proximites de pour/index 22
2020-08-02 14:19:38 +0200 calcule_proximites de elle/index 23
2020-08-02 14:19:38 +0200 calcule_proximites de les/index 24
2020-08-02 14:19:38 +0200 calcule_proximites de les/index 24
2020-08-02 14:19:38 +0200 calcule_proximites de énigmes/index 25
2020-08-02 14:19:38 +0200 calcule_proximites de énigmes/index 25
2020-08-02 14:19:38 +0200 calcule_proximites de énigmes/index 25
2020-08-02 14:19:38 +0200 calcule_proximites de énigmes/index 25
2020-08-02 14:19:38 +0200 calcule_proximites de du/index 26
2020-08-02 14:19:38 +0200 calcule_proximites de du/index 26
2020-08-02 14:19:38 +0200 calcule_proximites de monde/index 27
2020-08-02 14:19:38 +0200 calcule_proximites de monde/index 27
2020-08-02 14:19:38 +0200 calcule_proximites de monde/index 27
2020-08-02 14:19:38 +0200 calcule_proximites de monde/index 27
2020-08-02 14:19:38 +0200 calcule_proximites de ,/index 28
2020-08-02 14:19:38 +0200 calcule_proximites de ,/index 28
2020-08-02 14:19:38 +0200 calcule_proximites de de/index 29
2020-08-02 14:19:38 +0200 calcule_proximites de de/index 29
2020-08-02 14:19:38 +0200 calcule_proximites de l'/index 30
2020-08-02 14:19:38 +0200 calcule_proximites de l'/index 30
2020-08-02 14:19:38 +0200 calcule_proximites de existence/index 31
2020-08-02 14:19:38 +0200 calcule_proximites de existence/index 31
2020-08-02 14:19:38 +0200 calcule_proximites de existence/index 31
2020-08-02 14:19:38 +0200 calcule_proximites de existence/index 31
2020-08-02 14:19:38 +0200 calcule_proximites de ,/index 32
2020-08-02 14:19:38 +0200 calcule_proximites de ,/index 32
2020-08-02 14:19:38 +0200 calcule_proximites de de/index 33
2020-08-02 14:19:38 +0200 calcule_proximites de de/index 33
2020-08-02 14:19:38 +0200 calcule_proximites de son/index 34
2020-08-02 14:19:38 +0200 calcule_proximites de son/index 34
2020-08-02 14:19:38 +0200 calcule_proximites de existence/index 35
2020-08-02 14:19:38 +0200 calcule_proximites de existence/index 35
2020-08-02 14:19:38 +0200 calcule_proximites de existence/index 35
2020-08-02 14:19:38 +0200 calcule_proximites de ./index 36
2020-08-02 14:19:38 +0200 calcule_proximites de ./index 36
2020-08-02 14:19:38 +0200 calcule_proximites de Souvent/index 37
2020-08-02 14:19:38 +0200 calcule_proximites de Souvent/index 37
2020-08-02 14:19:38 +0200 calcule_proximites de Souvent/index 37
2020-08-02 14:19:38 +0200 calcule_proximites de Souvent/index 37
2020-08-02 14:19:38 +0200 calcule_proximites de elle/index 38
2020-08-02 14:19:38 +0200 calcule_proximites de elle/index 38
2020-08-02 14:19:38 +0200 calcule_proximites de voit/index 39
2020-08-02 14:19:38 +0200 calcule_proximites de voit/index 39
2020-08-02 14:19:38 +0200 calcule_proximites de voit/index 39
2020-08-02 14:19:38 +0200 calcule_proximites de voit/index 39
2020-08-02 14:19:38 +0200 calcule_proximites de leurs/index 40
2020-08-02 14:19:38 +0200 calcule_proximites de leurs/index 40
2020-08-02 14:19:38 +0200 calcule_proximites de lèvres/index 41
2020-08-02 14:19:38 +0200 calcule_proximites de lèvres/index 41
2020-08-02 14:19:38 +0200 calcule_proximites de lèvres/index 41
2020-08-02 14:19:38 +0200 calcule_proximites de lèvres/index 41
2020-08-02 14:19:38 +0200 calcule_proximites de bouger/index 42
2020-08-02 14:19:38 +0200 calcule_proximites de bouger/index 42
2020-08-02 14:19:38 +0200 calcule_proximites de bouger/index 42
2020-08-02 14:19:38 +0200 calcule_proximites de bouger/index 42
2020-08-02 14:19:38 +0200 calcule_proximites de ,/index 43
2020-08-02 14:19:38 +0200 calcule_proximites de ,/index 43
2020-08-02 14:19:38 +0200 calcule_proximites de mais/index 44
2020-08-02 14:19:38 +0200 calcule_proximites de mais/index 44
2020-08-02 14:19:38 +0200 calcule_proximites de mais/index 44
2020-08-02 14:19:38 +0200 calcule_proximites de mais/index 44
2020-08-02 14:19:38 +0200 calcule_proximites de seuls/index 45
2020-08-02 14:19:38 +0200 calcule_proximites de seuls/index 45
2020-08-02 14:19:38 +0200 calcule_proximites de seuls/index 45
2020-08-02 14:19:38 +0200 calcule_proximites de seuls/index 45
2020-08-02 14:19:38 +0200 calcule_proximites de quelques/index 46
2020-08-02 14:19:38 +0200 calcule_proximites de quelques/index 46
2020-08-02 14:19:38 +0200 calcule_proximites de mots/index 47
2020-08-02 14:19:38 +0200 calcule_proximites de mots/index 47
2020-08-02 14:19:38 +0200 calcule_proximites de mots/index 47
2020-08-02 14:19:38 +0200 calcule_proximites de mots/index 47
2020-08-02 14:19:38 +0200 calcule_proximites de en/index 48
2020-08-02 14:19:38 +0200 calcule_proximites de en/index 48
2020-08-02 14:19:38 +0200 calcule_proximites de sortent/index 49
2020-08-02 14:19:38 +0200 calcule_proximites de sortent/index 49
2020-08-02 14:19:38 +0200 calcule_proximites de sortent/index 49
2020-08-02 14:19:38 +0200 calcule_proximites de sortent/index 49
2020-08-02 14:19:38 +0200 calcule_proximites de ,/index 50
2020-08-02 14:19:38 +0200 calcule_proximites de ,/index 50
2020-08-02 14:19:38 +0200 calcule_proximites de épars/index 51
2020-08-02 14:19:38 +0200 calcule_proximites de épars/index 51
2020-08-02 14:19:38 +0200 calcule_proximites de épars/index 51
2020-08-02 14:19:38 +0200 calcule_proximites de épars/index 51
2020-08-02 14:19:38 +0200 calcule_proximites de ,/index 52
2020-08-02 14:19:38 +0200 calcule_proximites de ,/index 52
2020-08-02 14:19:38 +0200 calcule_proximites de insignifiants/index 53
2020-08-02 14:19:38 +0200 calcule_proximites de insignifiants/index 53
2020-08-02 14:19:38 +0200 calcule_proximites de insignifiants/index 53
2020-08-02 14:19:38 +0200 calcule_proximites de insignifiants/index 53
2020-08-02 14:19:38 +0200 calcule_proximites de ./index 54
2020-08-02 14:19:38 +0200 calcule_proximites de ./index 54
2020-08-02 14:19:38 +0200 calcule_proximites de La/index 55
2020-08-02 14:19:38 +0200 calcule_proximites de La/index 55
2020-08-02 14:19:38 +0200 calcule_proximites de Borne/index 56
2020-08-02 14:19:38 +0200 calcule_proximites de Borne/index 56
2020-08-02 14:19:38 +0200 calcule_proximites de Borne/index 56
2020-08-02 14:19:38 +0200 calcule_proximites de Borne/index 56
2020-08-02 14:19:38 +0200 calcule_proximites de est/index 57
2020-08-02 14:19:38 +0200 calcule_proximites de est/index 57
2020-08-02 14:19:38 +0200 calcule_proximites de est/index 57
2020-08-02 14:19:38 +0200 calcule_proximites de est/index 57
2020-08-02 14:19:38 +0200 calcule_proximites de -elle/index 58
2020-08-02 14:19:38 +0200 calcule_proximites de -elle/index 58
2020-08-02 14:19:38 +0200 calcule_proximites de vraiment/index 59
2020-08-02 14:19:38 +0200 calcule_proximites de vraiment/index 59
2020-08-02 14:19:38 +0200 calcule_proximites de vraiment/index 59
2020-08-02 14:19:38 +0200 calcule_proximites de vraiment/index 59
2020-08-02 14:19:38 +0200 calcule_proximites de la/index 60
2020-08-02 14:19:38 +0200 calcule_proximites de la/index 60
2020-08-02 14:19:38 +0200 calcule_proximites de seule/index 61
2020-08-02 14:19:38 +0200 calcule_proximites de seule/index 61
2020-08-02 14:19:38 +0200 calcule_proximites de seule/index 61
2020-08-02 14:19:38 +0200 calcule_proximites de qui/index 62
2020-08-02 14:19:38 +0200 calcule_proximites de qui/index 62
2020-08-02 14:19:38 +0200 calcule_proximites de puisse/index 63
2020-08-02 14:19:38 +0200 calcule_proximites de puisse/index 63
2020-08-02 14:19:38 +0200 calcule_proximites de puisse/index 63
2020-08-02 14:19:38 +0200 calcule_proximites de puisse/index 63
2020-08-02 14:19:38 +0200 calcule_proximites de satisfaire/index 64
2020-08-02 14:19:38 +0200 calcule_proximites de satisfaire/index 64
2020-08-02 14:19:38 +0200 calcule_proximites de satisfaire/index 64
2020-08-02 14:19:38 +0200 calcule_proximites de satisfaire/index 64
2020-08-02 14:19:38 +0200 calcule_proximites de ses/index 65
2020-08-02 14:19:38 +0200 calcule_proximites de ses/index 65
2020-08-02 14:19:38 +0200 calcule_proximites de demandes/index 66
2020-08-02 14:19:38 +0200 calcule_proximites de demandes/index 66
2020-08-02 14:19:38 +0200 calcule_proximites de demandes/index 66
2020-08-02 14:19:38 +0200 calcule_proximites de demandes/index 66
2020-08-02 14:19:38 +0200 calcule_proximites de ,/index 67
2020-08-02 14:19:38 +0200 calcule_proximites de ,/index 67
2020-08-02 14:19:38 +0200 calcule_proximites de qui/index 68
2020-08-02 14:19:38 +0200 calcule_proximites de qui/index 68
2020-08-02 14:19:38 +0200 calcule_proximites de sache/index 69
2020-08-02 14:19:38 +0200 calcule_proximites de sache/index 69
2020-08-02 14:19:38 +0200 calcule_proximites de sache/index 69
2020-08-02 14:19:38 +0200 calcule_proximites de sache/index 69
2020-08-02 14:19:38 +0200 calcule_proximites de assouvir/index 70
2020-08-02 14:19:38 +0200 calcule_proximites de assouvir/index 70
2020-08-02 14:19:38 +0200 calcule_proximites de assouvir/index 70
2020-08-02 14:19:38 +0200 calcule_proximites de assouvir/index 70
2020-08-02 14:19:38 +0200 calcule_proximites de sa/index 71
2020-08-02 14:19:38 +0200 calcule_proximites de sa/index 71
2020-08-02 14:19:38 +0200 calcule_proximites de curiosité/index 72
2020-08-02 14:19:38 +0200 calcule_proximites de curiosité/index 72
2020-08-02 14:19:38 +0200 calcule_proximites de curiosité/index 72
2020-08-02 14:19:38 +0200 calcule_proximites de curiosité/index 72
2020-08-02 14:19:38 +0200 calcule_proximites de ?/index 73
2020-08-02 14:19:38 +0200 calcule_proximites de ?/index 73
2020-08-02 14:19:38 +0200 calcule_proximites de Encore/index 74
2020-08-02 14:19:38 +0200 calcule_proximites de Encore/index 74
2020-08-02 14:19:38 +0200 calcule_proximites de Encore/index 74
2020-08-02 14:19:38 +0200 calcule_proximites de Encore/index 74
2020-08-02 14:19:38 +0200 calcule_proximites de une/index 75
2020-08-02 14:19:38 +0200 calcule_proximites de une/index 75
2020-08-02 14:19:38 +0200 calcule_proximites de question/index 76
2020-08-02 14:19:38 +0200 calcule_proximites de question/index 76
2020-08-02 14:19:38 +0200 calcule_proximites de question/index 76
2020-08-02 14:19:38 +0200 calcule_proximites de question/index 76
2020-08-02 14:19:38 +0200 calcule_proximites de ./index 77
2020-08-02 14:19:38 +0200 calcule_proximites de ./index 77
2020-08-02 14:19:38 +0200 calcule_proximites de Combien/index 79
2020-08-02 14:19:38 +0200 calcule_proximites de Combien/index 79
2020-08-02 14:19:38 +0200 calcule_proximites de Combien/index 79
2020-08-02 14:19:38 +0200 calcule_proximites de Combien/index 79
2020-08-02 14:19:38 +0200 calcule_proximites de sont/index 80
2020-08-02 14:19:38 +0200 calcule_proximites de sont/index 80
2020-08-02 14:19:38 +0200 calcule_proximites de sont/index 80
2020-08-02 14:19:38 +0200 calcule_proximites de sont/index 80
2020-08-02 14:19:38 +0200 calcule_proximites de -ils/index 81
2020-08-02 14:19:38 +0200 calcule_proximites de -ils/index 81
2020-08-02 14:19:38 +0200 calcule_proximites de comme/index 82
2020-08-02 14:19:38 +0200 calcule_proximites de comme/index 82
2020-08-02 14:19:38 +0200 calcule_proximites de comme/index 82
2020-08-02 14:19:38 +0200 calcule_proximites de comme/index 82
2020-08-02 14:19:38 +0200 calcule_proximites de elle/index 83
2020-08-02 14:19:38 +0200 calcule_proximites de elle/index 83
2020-08-02 14:19:38 +0200 calcule_proximites de ,/index 84
2020-08-02 14:19:38 +0200 calcule_proximites de ,/index 84
2020-08-02 14:19:38 +0200 calcule_proximites de là/index 85
2020-08-02 14:19:38 +0200 calcule_proximites de là/index 85
2020-08-02 14:19:38 +0200 calcule_proximites de ,/index 86
2020-08-02 14:19:38 +0200 calcule_proximites de ,/index 86
2020-08-02 14:19:38 +0200 calcule_proximites de dehors/index 87
2020-08-02 14:19:38 +0200 calcule_proximites de dehors/index 87
2020-08-02 14:19:38 +0200 calcule_proximites de dehors/index 87
2020-08-02 14:19:38 +0200 calcule_proximites de dehors/index 87
2020-08-02 14:19:38 +0200 calcule_proximites de ,/index 88
2020-08-02 14:19:38 +0200 calcule_proximites de ,/index 88
2020-08-02 14:19:38 +0200 calcule_proximites de à/index 89
2020-08-02 14:19:38 +0200 calcule_proximites de à/index 89
2020-08-02 14:19:38 +0200 calcule_proximites de s'/index 90
2020-08-02 14:19:38 +0200 calcule_proximites de s'/index 90
2020-08-02 14:19:38 +0200 calcule_proximites de interroger/index 91
2020-08-02 14:19:38 +0200 calcule_proximites de interroger/index 91
2020-08-02 14:19:38 +0200 calcule_proximites de interroger/index 91
2020-08-02 14:19:38 +0200 calcule_proximites de interroger/index 91
2020-08-02 14:19:38 +0200 calcule_proximites de ,/index 92
2020-08-02 14:19:38 +0200 calcule_proximites de ,/index 92
2020-08-02 14:19:38 +0200 calcule_proximites de à/index 93
2020-08-02 14:19:38 +0200 calcule_proximites de à/index 93
2020-08-02 14:19:38 +0200 calcule_proximites de s'/index 94
2020-08-02 14:19:38 +0200 calcule_proximites de s'/index 94
2020-08-02 14:19:38 +0200 calcule_proximites de inquiéter/index 95
2020-08-02 14:19:38 +0200 calcule_proximites de inquiéter/index 95
2020-08-02 14:19:38 +0200 calcule_proximites de inquiéter/index 95
2020-08-02 14:19:38 +0200 calcule_proximites de inquiéter/index 95
2020-08-02 14:19:38 +0200 calcule_proximites de de/index 96
2020-08-02 14:19:38 +0200 calcule_proximites de de/index 96
2020-08-02 14:19:38 +0200 calcule_proximites de ce/index 97
2020-08-02 14:19:38 +0200 calcule_proximites de ce/index 97
2020-08-02 14:19:38 +0200 calcule_proximites de qu'/index 98
2020-08-02 14:19:38 +0200 calcule_proximites de qu'/index 98
2020-08-02 14:19:38 +0200 calcule_proximites de il/index 99
2020-08-02 14:19:38 +0200 calcule_proximites de adviendra/index 100
2020-08-02 14:19:38 +0200 calcule_proximites de adviendra/index 100
2020-08-02 14:19:38 +0200 calcule_proximites de adviendra/index 100
2020-08-02 14:19:38 +0200 calcule_proximites de adviendra/index 100
2020-08-02 14:19:38 +0200 calcule_proximites de d'/index 101
2020-08-02 14:19:38 +0200 calcule_proximites de d'/index 101
2020-08-02 14:19:38 +0200 calcule_proximites de eux/index 102
2020-08-02 14:19:38 +0200 calcule_proximites de eux/index 102
2020-08-02 14:19:38 +0200 calcule_proximites de lorsqu'/index 103
2020-08-02 14:19:38 +0200 calcule_proximites de lorsqu'/index 103
2020-08-02 14:19:38 +0200 calcule_proximites de lorsqu'/index 103
2020-08-02 14:19:38 +0200 calcule_proximites de lorsqu'/index 103
2020-08-02 14:19:38 +0200 calcule_proximites de ils/index 104
2020-08-02 14:19:38 +0200 calcule_proximites de quitteront/index 105
2020-08-02 14:19:38 +0200 calcule_proximites de quitteront/index 105
2020-08-02 14:19:38 +0200 calcule_proximites de quitteront/index 105
2020-08-02 14:19:38 +0200 calcule_proximites de quitteront/index 105
2020-08-02 14:19:38 +0200 calcule_proximites de le/index 106
2020-08-02 14:19:38 +0200 calcule_proximites de le/index 106
2020-08-02 14:19:38 +0200 calcule_proximites de parc/index 107
2020-08-02 14:19:38 +0200 calcule_proximites de parc/index 107
2020-08-02 14:19:38 +0200 calcule_proximites de parc/index 107
2020-08-02 14:19:38 +0200 calcule_proximites de parc/index 107
2020-08-02 14:19:38 +0200 calcule_proximites de ?/index 108
2020-08-02 14:19:38 +0200 calcule_proximites de ?/index 108
2020-08-02 14:19:38 +0200 calcule_proximites de Son/index 109
2020-08-02 14:19:38 +0200 calcule_proximites de Son/index 109
2020-08-02 14:19:38 +0200 calcule_proximites de père/index 110
2020-08-02 14:19:38 +0200 calcule_proximites de père/index 110
2020-08-02 14:19:38 +0200 calcule_proximites de père/index 110
2020-08-02 14:19:38 +0200 calcule_proximites de père/index 110
2020-08-02 14:19:38 +0200 calcule_proximites de connait/index 111
2020-08-02 14:19:38 +0200 calcule_proximites de connait/index 111
2020-08-02 14:19:38 +0200 calcule_proximites de connait/index 111
2020-08-02 14:19:38 +0200 calcule_proximites de connait/index 111
2020-08-02 14:19:38 +0200 calcule_proximites de les/index 112
2020-08-02 14:19:38 +0200 calcule_proximites de réponses/index 113
2020-08-02 14:19:38 +0200 calcule_proximites de réponses/index 113
2020-08-02 14:19:38 +0200 calcule_proximites de réponses/index 113
2020-08-02 14:19:38 +0200 calcule_proximites de réponses/index 113
2020-08-02 14:19:38 +0200 calcule_proximites de ,/index 114
2020-08-02 14:19:38 +0200 calcule_proximites de ,/index 114
2020-08-02 14:19:38 +0200 calcule_proximites de lui/index 115
2020-08-02 14:19:38 +0200 calcule_proximites de lui/index 115
2020-08-02 14:19:38 +0200 calcule_proximites de ./index 116
2020-08-02 14:19:38 +0200 calcule_proximites de ./index 116
2020-08-02 14:19:38 +0200 calcule_proximites de Sa/index 117
2020-08-02 14:19:38 +0200 calcule_proximites de Sa/index 117
2020-08-02 14:19:38 +0200 calcule_proximites de mère/index 118
2020-08-02 14:19:38 +0200 calcule_proximites de mère/index 118
2020-08-02 14:19:38 +0200 calcule_proximites de mère/index 118
2020-08-02 14:19:38 +0200 calcule_proximites de mère/index 118
2020-08-02 14:19:38 +0200 calcule_proximites de aussi/index 119
2020-08-02 14:19:38 +0200 calcule_proximites de aussi/index 119
2020-08-02 14:19:38 +0200 calcule_proximites de aussi/index 119
2020-08-02 14:19:38 +0200 calcule_proximites de aussi/index 119
2020-08-02 14:19:38 +0200 calcule_proximites de ./index 120
2020-08-02 14:19:38 +0200 calcule_proximites de ./index 120
2020-08-02 14:19:38 +0200 calcule_proximites de Ils/index 121
2020-08-02 14:19:38 +0200 calcule_proximites de ont/index 122
2020-08-02 14:19:38 +0200 calcule_proximites de ont/index 122
2020-08-02 14:19:38 +0200 calcule_proximites de ont/index 122
2020-08-02 14:19:38 +0200 calcule_proximites de ont/index 122
2020-08-02 14:19:38 +0200 calcule_proximites de habité/index 123
2020-08-02 14:19:38 +0200 calcule_proximites de habité/index 123
2020-08-02 14:19:38 +0200 calcule_proximites de habité/index 123
2020-08-02 14:19:38 +0200 calcule_proximites de habité/index 123
2020-08-02 14:19:38 +0200 calcule_proximites de le/index 124
2020-08-02 14:19:38 +0200 calcule_proximites de le/index 124
2020-08-02 14:19:38 +0200 calcule_proximites de parc/index 125
2020-08-02 14:19:38 +0200 calcule_proximites de parc/index 125
2020-08-02 14:19:38 +0200 calcule_proximites de parc/index 125
2020-08-02 14:19:38 +0200 calcule_proximites de ,/index 126
2020-08-02 14:19:38 +0200 calcule_proximites de ,/index 126
2020-08-02 14:19:38 +0200 calcule_proximites de ils/index 127
2020-08-02 14:19:38 +0200 calcule_proximites de sont/index 128
2020-08-02 14:19:38 +0200 calcule_proximites de sont/index 128
2020-08-02 14:19:38 +0200 calcule_proximites de sont/index 128
2020-08-02 14:19:38 +0200 calcule_proximites de sont/index 128
2020-08-02 14:19:38 +0200 calcule_proximites de passés/index 129
2020-08-02 14:19:38 +0200 calcule_proximites de passés/index 129
2020-08-02 14:19:38 +0200 calcule_proximites de passés/index 129
2020-08-02 14:19:38 +0200 calcule_proximites de passés/index 129
2020-08-02 14:19:38 +0200 calcule_proximites de par/index 130
2020-08-02 14:19:38 +0200 calcule_proximites de par/index 130
2020-08-02 14:19:38 +0200 calcule_proximites de par/index 130
2020-08-02 14:19:38 +0200 calcule_proximites de par/index 130
2020-08-02 14:19:38 +0200 calcule_proximites de là/index 131
2020-08-02 14:19:38 +0200 calcule_proximites de là/index 131
2020-08-02 14:19:38 +0200 calcule_proximites de ./index 132
2020-08-02 14:19:38 +0200 calcule_proximites de ./index 132
2020-08-02 14:19:38 +0200 calcule_proximites de Mais/index 133
2020-08-02 14:19:38 +0200 calcule_proximites de Mais/index 133
2020-08-02 14:19:38 +0200 calcule_proximites de Mais/index 133
2020-08-02 14:19:38 +0200 calcule_proximites de Mais/index 133
2020-08-02 14:19:38 +0200 calcule_proximites de rien/index 134
2020-08-02 14:19:38 +0200 calcule_proximites de rien/index 134
2020-08-02 14:19:38 +0200 calcule_proximites de rien/index 134
2020-08-02 14:19:38 +0200 calcule_proximites de rien/index 134
2020-08-02 14:19:38 +0200 calcule_proximites de ne/index 135
2020-08-02 14:19:38 +0200 calcule_proximites de ne/index 135
2020-08-02 14:19:38 +0200 calcule_proximites de servirait/index 136
2020-08-02 14:19:38 +0200 calcule_proximites de servirait/index 136
2020-08-02 14:19:38 +0200 calcule_proximites de servirait/index 136
2020-08-02 14:19:38 +0200 calcule_proximites de servirait/index 136
2020-08-02 14:19:38 +0200 calcule_proximites de de/index 137
2020-08-02 14:19:38 +0200 calcule_proximites de de/index 137
2020-08-02 14:19:38 +0200 calcule_proximites de leur/index 138
2020-08-02 14:19:38 +0200 calcule_proximites de leur/index 138
2020-08-02 14:19:38 +0200 calcule_proximites de demander/index 139
2020-08-02 14:19:38 +0200 calcule_proximites de demander/index 139
2020-08-02 14:19:38 +0200 calcule_proximites de demander/index 139
2020-08-02 14:19:38 +0200 calcule_proximites de demander/index 139
2020-08-02 14:19:38 +0200 calcule_proximites de ./index 140
2020-08-02 14:19:38 +0200 calcule_proximites de ./index 140
2020-08-02 14:19:38 +0200 calcule_proximites de Il/index 141
2020-08-02 14:19:38 +0200 calcule_proximites de faudra/index 142
2020-08-02 14:19:38 +0200 calcule_proximites de faudra/index 142
2020-08-02 14:19:38 +0200 calcule_proximites de faudra/index 142
2020-08-02 14:19:38 +0200 calcule_proximites de faudra/index 142
2020-08-02 14:19:38 +0200 calcule_proximites de qu'/index 143
2020-08-02 14:19:38 +0200 calcule_proximites de qu'/index 143
2020-08-02 14:19:38 +0200 calcule_proximites de  qu'/index 143
2020-08-02 14:19:38 +0200 calcule_proximites de  qu'/index 143
2020-08-02 14:19:38 +0200 calcule_proximites de elle/index 144
2020-08-02 14:19:38 +0200 calcule_proximites de elle/index 144
2020-08-02 14:19:38 +0200 calcule_proximites de essaie/index 145
2020-08-02 14:19:38 +0200 calcule_proximites de essaie/index 145
2020-08-02 14:19:38 +0200 calcule_proximites de essaie/index 145
2020-08-02 14:19:38 +0200 calcule_proximites de essaie/index 145
2020-08-02 14:19:38 +0200 calcule_proximites de quand/index 146
2020-08-02 14:19:38 +0200 calcule_proximites de quand/index 146
2020-08-02 14:19:38 +0200 calcule_proximites de quand/index 146
2020-08-02 14:19:38 +0200 calcule_proximites de quand/index 146
2020-08-02 14:19:38 +0200 calcule_proximites de même/index 147
2020-08-02 14:19:38 +0200 calcule_proximites de même/index 147
2020-08-02 14:19:38 +0200 calcule_proximites de même/index 147
2020-08-02 14:19:38 +0200 calcule_proximites de même/index 147
2020-08-02 14:19:38 +0200 calcule_proximites de la/index 148
2020-08-02 14:19:38 +0200 calcule_proximites de la/index 148
2020-08-02 14:19:38 +0200 calcule_proximites de prochaine/index 149
2020-08-02 14:19:38 +0200 calcule_proximites de prochaine/index 149
2020-08-02 14:19:38 +0200 calcule_proximites de prochaine/index 149
2020-08-02 14:19:38 +0200 calcule_proximites de prochaine/index 149
2020-08-02 14:19:38 +0200 calcule_proximites de fois/index 150
2020-08-02 14:19:38 +0200 calcule_proximites de fois/index 150
2020-08-02 14:19:38 +0200 calcule_proximites de fois/index 150
2020-08-02 14:19:38 +0200 calcule_proximites de fois/index 150
2020-08-02 14:19:38 +0200 calcule_proximites de qu'/index 151
2020-08-02 14:19:38 +0200 calcule_proximites de qu'/index 151
2020-08-02 14:19:38 +0200 calcule_proximites de ils/index 152
2020-08-02 14:19:38 +0200 calcule_proximites de viendront/index 153
2020-08-02 14:19:38 +0200 calcule_proximites de viendront/index 153
2020-08-02 14:19:38 +0200 calcule_proximites de viendront/index 153
2020-08-02 14:19:38 +0200 calcule_proximites de viendront/index 153
2020-08-02 14:19:38 +0200 calcule_proximites de ./index 154
2020-08-02 14:19:38 +0200 calcule_proximites de ./index 154
2020-08-02 14:19:38 +0200 calcule_proximites de Quand/index 155
2020-08-02 14:19:38 +0200 calcule_proximites de Quand/index 155
2020-08-02 14:19:38 +0200 calcule_proximites de Quand/index 155
2020-08-02 14:19:38 +0200 calcule_proximites de seront/index 156
2020-08-02 14:19:38 +0200 calcule_proximites de seront/index 156
2020-08-02 14:19:38 +0200 calcule_proximites de seront/index 156
2020-08-02 14:19:38 +0200 calcule_proximites de seront/index 156
2020-08-02 14:19:38 +0200 calcule_proximites de -ils/index 157
2020-08-02 14:19:38 +0200 calcule_proximites de -ils/index 157
2020-08-02 14:19:38 +0200 calcule_proximites de là/index 158
2020-08-02 14:19:38 +0200 calcule_proximites de là/index 158
2020-08-02 14:19:38 +0200 calcule_proximites de ?/index 159
2020-08-02 14:19:38 +0200 calcule_proximites de ?/index 159
2020-08-02 14:19:38 +0200 calcule_proximites de Encore/index 160
2020-08-02 14:19:38 +0200 calcule_proximites de Encore/index 160
2020-08-02 14:19:38 +0200 calcule_proximites de Encore/index 160
2020-08-02 14:19:38 +0200 calcule_proximites de Encore/index 160
2020-08-02 14:19:38 +0200 calcule_proximites de une/index 161
2020-08-02 14:19:38 +0200 calcule_proximites de une/index 161
2020-08-02 14:19:38 +0200 calcule_proximites de question/index 162
2020-08-02 14:19:38 +0200 calcule_proximites de question/index 162
2020-08-02 14:19:38 +0200 calcule_proximites de question/index 162
2020-08-02 14:19:38 +0200 calcule_proximites de question/index 162
2020-08-02 14:19:38 +0200 calcule_proximites de ./index 163
2020-08-02 14:19:38 +0200 calcule_proximites de ./index 163
2020-08-02 14:19:38 +0200 calcule_proximites de Et/index 165
2020-08-02 14:19:38 +0200 calcule_proximites de Et/index 165
2020-08-02 14:19:38 +0200 calcule_proximites de puis/index 166
2020-08-02 14:19:38 +0200 calcule_proximites de puis/index 166
2020-08-02 14:19:38 +0200 calcule_proximites de puis/index 166
2020-08-02 14:19:38 +0200 calcule_proximites de puis/index 166
2020-08-02 14:19:38 +0200 calcule_proximites de elle/index 167
2020-08-02 14:19:38 +0200 calcule_proximites de elle/index 167
2020-08-02 14:19:38 +0200 calcule_proximites de sautera/index 168
2020-08-02 14:19:38 +0200 calcule_proximites de sautera/index 168
2020-08-02 14:19:38 +0200 calcule_proximites de sautera/index 168
2020-08-02 14:19:38 +0200 calcule_proximites de sautera/index 168
2020-08-02 14:19:38 +0200 calcule_proximites de sur/index 169
2020-08-02 14:19:38 +0200 calcule_proximites de sur/index 169
2020-08-02 14:19:38 +0200 calcule_proximites de sur/index 169
2020-08-02 14:19:38 +0200 calcule_proximites de sur/index 169
2020-08-02 14:19:38 +0200 calcule_proximites de la/index 170
2020-08-02 14:19:38 +0200 calcule_proximites de la/index 170
2020-08-02 14:19:38 +0200 calcule_proximites de première/index 171
2020-08-02 14:19:38 +0200 calcule_proximites de première/index 171
2020-08-02 14:19:38 +0200 calcule_proximites de première/index 171
2020-08-02 14:19:38 +0200 calcule_proximites de première/index 171
2020-08-02 14:19:38 +0200 calcule_proximites de occasion/index 172
2020-08-02 14:19:38 +0200 calcule_proximites de occasion/index 172
2020-08-02 14:19:38 +0200 calcule_proximites de occasion/index 172
2020-08-02 14:19:38 +0200 calcule_proximites de occasion/index 172
2020-08-02 14:19:38 +0200 calcule_proximites de d'/index 173
2020-08-02 14:19:38 +0200 calcule_proximites de d'/index 173
2020-08-02 14:19:38 +0200 calcule_proximites de en/index 174
2020-08-02 14:19:38 +0200 calcule_proximites de en/index 174
2020-08-02 14:19:38 +0200 calcule_proximites de discuter/index 175
2020-08-02 14:19:38 +0200 calcule_proximites de discuter/index 175
2020-08-02 14:19:38 +0200 calcule_proximites de discuter/index 175
2020-08-02 14:19:38 +0200 calcule_proximites de discuter/index 175
2020-08-02 14:19:38 +0200 calcule_proximites de avec/index 176
2020-08-02 14:19:38 +0200 calcule_proximites de avec/index 176
2020-08-02 14:19:38 +0200 calcule_proximites de avec/index 176
2020-08-02 14:19:38 +0200 calcule_proximites de avec/index 176
2020-08-02 14:19:38 +0200 calcule_proximites de Till/index 177
2020-08-02 14:19:38 +0200 calcule_proximites de aussi/index 178
2020-08-02 14:19:38 +0200 calcule_proximites de aussi/index 178
2020-08-02 14:19:38 +0200 calcule_proximites de aussi/index 178
2020-08-02 14:19:38 +0200 calcule_proximites de aussi/index 178
2020-08-02 14:19:38 +0200 calcule_proximites de ,/index 179
2020-08-02 14:19:38 +0200 calcule_proximites de ,/index 179
2020-08-02 14:19:38 +0200 calcule_proximites de sans/index 180
2020-08-02 14:19:38 +0200 calcule_proximites de sans/index 180
2020-08-02 14:19:38 +0200 calcule_proximites de sans/index 180
2020-08-02 14:19:38 +0200 calcule_proximites de sans/index 180
2020-08-02 14:19:38 +0200 calcule_proximites de l'/index 181
2020-08-02 14:19:38 +0200 calcule_proximites de l'/index 181
2020-08-02 14:19:38 +0200 calcule_proximites de interroger/index 182
2020-08-02 14:19:38 +0200 calcule_proximites de interroger/index 182
2020-08-02 14:19:38 +0200 calcule_proximites de interroger/index 182
2020-08-02 14:19:38 +0200 calcule_proximites de interroger/index 182
2020-08-02 14:19:38 +0200 calcule_proximites de ./index 183
2020-08-02 14:19:38 +0200 calcule_proximites de ./index 183
2020-08-02 14:19:38 +0200 calcule_proximites de Mais/index 184
2020-08-02 14:19:38 +0200 calcule_proximites de Mais/index 184
